
Showing logs for build [32mcb-kubecd-environment-pr-158-34-4vnlc-1[0m stage [32mfrom-build-pack[0m and container [32mstep-credential-initializer-7wrl4[0m
{"level":"warn","ts":1581771580.0782113,"logger":"fallback-logger","caller":"logging/config.go:69","msg":"Fetch GitHub commit ID from kodata failed: \"ref: refs/heads/0.8.0-**-support-backwards-incompats\" is not a valid GitHub commit ID"}
{"level":"info","ts":1581771580.078946,"logger":"fallback-logger","caller":"creds-init/main.go:40","msg":"Credentials initialized."}

Showing logs for build [32mcb-kubecd-environment-pr-158-34-4vnlc-1[0m stage [32mfrom-build-pack[0m and container [32mstep-working-dir-initializer-bhrfx[0m
{"level":"warn","ts":1581771581.8101707,"logger":"fallback-logger","caller":"logging/config.go:69","msg":"Fetch GitHub commit ID from kodata failed: open /var/run/ko/HEAD: no such file or directory"}
{"level":"info","ts":1581771581.8136618,"logger":"fallback-logger","caller":"bash/main.go:64","msg":"Successfully executed command \"sh -c mkdir -p /workspace/source\"; output "}

Showing logs for build [32mcb-kubecd-environment-pr-158-34-4vnlc-1[0m stage [32mfrom-build-pack[0m and container [32mstep-place-tools[0m

Showing logs for build [32mcb-kubecd-environment-pr-158-34-4vnlc-1[0m stage [32mfrom-build-pack[0m and container [32mstep-git-source-cb-kubecd-environment-pr-158-34-4vnlc-hg9tq[0m
{"level":"warn","ts":1581771587.7824478,"logger":"fallback-logger","caller":"logging/config.go:69","msg":"Fetch GitHub commit ID from kodata failed: \"ref: refs/heads/0.8.0-**-support-backwards-incompats\" is not a valid GitHub commit ID"}
{"level":"info","ts":1581771588.8317342,"logger":"fallback-logger","caller":"git/git.go:103","msg":"Successfully cloned https://github.com/cb-kubecd/environment-pr-158-34-boot-gke-staging.git @ master in path /workspace/source"}

Showing logs for build [32mcb-kubecd-environment-pr-158-34-4vnlc-1[0m stage [32mfrom-build-pack[0m and container [32mstep-git-merge[0m
Using SHAs from PULL_REFS=master:7bcd1583a5a4b554d3daf2aba58f537cc883a79f,3:b70c0eb29af96f1c4718aa7eb99d4418d2cb14f2
DEBUG: JX_LOG_LEVEL=error LC_ALL=C git fetch origin --unshallow b70c0eb29af96f1c4718aa7eb99d4418d2cb14f2: 7bcd1583a5a4b554d3daf2aba58f537cc883a79f:
DEBUG: ran git fetch --unshallow origin b70c0eb29af96f1c4718aa7eb99d4418d2cb14f2: 7bcd1583a5a4b554d3daf2aba58f537cc883a79f: in 
DEBUG: LC_ALL=C JX_LOG_LEVEL=error git branch
DEBUG: LC_ALL=C JX_LOG_LEVEL=error git checkout master
DEBUG: ran git checkout master in 
DEBUG: LC_ALL=C JX_LOG_LEVEL=error git reset --hard 7bcd1583a5a4b554d3daf2aba58f537cc883a79f
DEBUG: ran git reset --hard 7bcd1583a5a4b554d3daf2aba58f537cc883a79f in 
DEBUG: LC_ALL=C JX_LOG_LEVEL=error git clean -fd .
DEBUG: ran clean --force -d . in 
DEBUG: LC_ALL=C JX_LOG_LEVEL=error git merge b70c0eb29af96f1c4718aa7eb99d4418d2cb14f2
DEBUG: ran git merge b70c0eb29af96f1c4718aa7eb99d4418d2cb14f2 in 
DEBUG: JX_LOG_LEVEL=error LC_ALL=C git log --format=%H%x1f%an%x1f%ae%x1f%cn%x1f%ce%x1f%s%n%b%x1e 7bcd1583a5a4b554d3daf2aba58f537cc883a79f..HEAD
Merged SHA b70c0eb29af96f1c4718aa7eb99d4418d2cb14f2 with commit message 'chore: Promote bdd-sbhg-1581770622 to version 0.0.1' into base branch master

Showing logs for build [32mcb-kubecd-environment-pr-158-34-4vnlc-1[0m stage [32mfrom-build-pack[0m and container [32mstep-build-helm-build[0m
WARNING: No $CHART_REPOSITORY defined so using the default value of: http://jenkins-x-chartmuseum:8080
Adding missing Helm repo: storage.googleapis.com https://storage.googleapis.com/chartmuseum.jenkins-x.io
WARNING: No secrets found on "helm/repos" due: reading the secret "helm/repos" from vault: no secret "helm/repos" not found in vault
Read credentials for https://storage.googleapis.com/chartmuseum.jenkins-x.io from vault helm/repos
Successfully added Helm repository storage.googleapis.com.
Adding missing Helm repo: jenkins-x-chartmuseum http://jenkins-x-chartmuseum:8080
WARNING: No secrets found on "helm/repos" due: reading the secret "helm/repos" from vault: no secret "helm/repos" not found in vault
Read credentials for http://jenkins-x-chartmuseum:8080 from vault helm/repos
Successfully added Helm repository jenkins-x-chartmuseum.
WARNING: No $CHART_REPOSITORY defined so using the default value of: http://jenkins-x-chartmuseum:8080
Adding missing Helm repo: chartmuseum.jenkins-x.io http://chartmuseum.jenkins-x.io
WARNING: No secrets found on "helm/repos" due: reading the secret "helm/repos" from vault: no secret "helm/repos" not found in vault
Read credentials for http://chartmuseum.jenkins-x.io from vault helm/repos
Successfully added Helm repository chartmuseum.jenkins-x.io.
