
Showing logs for build [32mcb-kubecd-environment-pr-158-34-wkljb-1[0m stage [32mfrom-build-pack[0m and container [32mstep-credential-initializer-xlpg5[0m
{"level":"warn","ts":1581770960.0727458,"logger":"fallback-logger","caller":"logging/config.go:69","msg":"Fetch GitHub commit ID from kodata failed: \"ref: refs/heads/0.8.0-**-support-backwards-incompats\" is not a valid GitHub commit ID"}
{"level":"info","ts":1581770960.0737772,"logger":"fallback-logger","caller":"creds-init/main.go:40","msg":"Credentials initialized."}

Showing logs for build [32mcb-kubecd-environment-pr-158-34-wkljb-1[0m stage [32mfrom-build-pack[0m and container [32mstep-working-dir-initializer-rfbss[0m
{"level":"warn","ts":1581770961.4422717,"logger":"fallback-logger","caller":"logging/config.go:69","msg":"Fetch GitHub commit ID from kodata failed: open /var/run/ko/HEAD: no such file or directory"}
{"level":"info","ts":1581770961.444085,"logger":"fallback-logger","caller":"bash/main.go:64","msg":"Successfully executed command \"sh -c mkdir -p /workspace/source\"; output "}

Showing logs for build [32mcb-kubecd-environment-pr-158-34-wkljb-1[0m stage [32mfrom-build-pack[0m and container [32mstep-place-tools[0m

Showing logs for build [32mcb-kubecd-environment-pr-158-34-wkljb-1[0m stage [32mfrom-build-pack[0m and container [32mstep-git-source-cb-kubecd-environment-pr-158-34-wkljb-9877d[0m
{"level":"warn","ts":1581770964.519818,"logger":"fallback-logger","caller":"logging/config.go:69","msg":"Fetch GitHub commit ID from kodata failed: \"ref: refs/heads/0.8.0-**-support-backwards-incompats\" is not a valid GitHub commit ID"}
{"level":"info","ts":1581770965.596459,"logger":"fallback-logger","caller":"git/git.go:103","msg":"Successfully cloned https://github.com/cb-kubecd/environment-pr-158-34-boot-gke-staging.git @ master in path /workspace/source"}

Showing logs for build [32mcb-kubecd-environment-pr-158-34-wkljb-1[0m stage [32mfrom-build-pack[0m and container [32mstep-git-merge[0m
Using SHAs from PULL_REFS=master:1b122c5fe567b9a7894ef6f05a6b90fba1f1ae0d,2:ba704c7336467faca2bd5f1545c8aeb8d8059bf9
DEBUG: LC_ALL=C JX_LOG_LEVEL=error git fetch origin --unshallow ba704c7336467faca2bd5f1545c8aeb8d8059bf9: 1b122c5fe567b9a7894ef6f05a6b90fba1f1ae0d:
DEBUG: ran git fetch --unshallow origin ba704c7336467faca2bd5f1545c8aeb8d8059bf9: 1b122c5fe567b9a7894ef6f05a6b90fba1f1ae0d: in 
DEBUG: JX_LOG_LEVEL=error LC_ALL=C git branch
DEBUG: LC_ALL=C JX_LOG_LEVEL=error git checkout master
DEBUG: ran git checkout master in 
DEBUG: LC_ALL=C JX_LOG_LEVEL=error git reset --hard 1b122c5fe567b9a7894ef6f05a6b90fba1f1ae0d
DEBUG: ran git reset --hard 1b122c5fe567b9a7894ef6f05a6b90fba1f1ae0d in 
DEBUG: JX_LOG_LEVEL=error LC_ALL=C git clean -fd .
DEBUG: ran clean --force -d . in 
DEBUG: LC_ALL=C JX_LOG_LEVEL=error git merge ba704c7336467faca2bd5f1545c8aeb8d8059bf9
DEBUG: ran git merge ba704c7336467faca2bd5f1545c8aeb8d8059bf9 in 
DEBUG: LC_ALL=C JX_LOG_LEVEL=error git log --format=%H%x1f%an%x1f%ae%x1f%cn%x1f%ce%x1f%s%n%b%x1e 1b122c5fe567b9a7894ef6f05a6b90fba1f1ae0d..HEAD
Merged SHA ba704c7336467faca2bd5f1545c8aeb8d8059bf9 with commit message 'chore: Promote bdd-nh-1581770622 to version 0.0.1' into base branch master

Showing logs for build [32mcb-kubecd-environment-pr-158-34-wkljb-1[0m stage [32mfrom-build-pack[0m and container [32mstep-build-helm-build[0m
WARNING: No $CHART_REPOSITORY defined so using the default value of: http://jenkins-x-chartmuseum:8080
Adding missing Helm repo: storage.googleapis.com https://storage.googleapis.com/chartmuseum.jenkins-x.io
WARNING: No secrets found on "helm/repos" due: reading the secret "helm/repos" from vault: no secret "helm/repos" not found in vault
Read credentials for https://storage.googleapis.com/chartmuseum.jenkins-x.io from vault helm/repos
Successfully added Helm repository storage.googleapis.com.
Adding missing Helm repo: jenkins-x-chartmuseum http://jenkins-x-chartmuseum:8080
WARNING: No secrets found on "helm/repos" due: reading the secret "helm/repos" from vault: no secret "helm/repos" not found in vault
Read credentials for http://jenkins-x-chartmuseum:8080 from vault helm/repos
Successfully added Helm repository jenkins-x-chartmuseum.
WARNING: No $CHART_REPOSITORY defined so using the default value of: http://jenkins-x-chartmuseum:8080
Adding missing Helm repo: chartmuseum.jenkins-x.io http://chartmuseum.jenkins-x.io
WARNING: No secrets found on "helm/repos" due: reading the secret "helm/repos" from vault: no secret "helm/repos" not found in vault
Read credentials for http://chartmuseum.jenkins-x.io from vault helm/repos
Successfully added Helm repository chartmuseum.jenkins-x.io.
