
Showing logs for build [32mcb-kubecd-environment-pr-158-34-lqjmx-1[0m stage [32mfrom-build-pack[0m and container [32mstep-credential-initializer-6b48h[0m
{"level":"warn","ts":1581769822.923822,"logger":"fallback-logger","caller":"logging/config.go:69","msg":"Fetch GitHub commit ID from kodata failed: \"ref: refs/heads/0.8.0-**-support-backwards-incompats\" is not a valid GitHub commit ID"}
{"level":"info","ts":1581769822.9329183,"logger":"fallback-logger","caller":"creds-init/main.go:40","msg":"Credentials initialized."}

Showing logs for build [32mcb-kubecd-environment-pr-158-34-lqjmx-1[0m stage [32mfrom-build-pack[0m and container [32mstep-working-dir-initializer-z7bqr[0m
{"level":"warn","ts":1581769826.0400455,"logger":"fallback-logger","caller":"logging/config.go:69","msg":"Fetch GitHub commit ID from kodata failed: open /var/run/ko/HEAD: no such file or directory"}
{"level":"info","ts":1581769826.041507,"logger":"fallback-logger","caller":"bash/main.go:64","msg":"Successfully executed command \"sh -c mkdir -p /workspace/source\"; output "}

Showing logs for build [32mcb-kubecd-environment-pr-158-34-lqjmx-1[0m stage [32mfrom-build-pack[0m and container [32mstep-place-tools[0m

Showing logs for build [32mcb-kubecd-environment-pr-158-34-lqjmx-1[0m stage [32mfrom-build-pack[0m and container [32mstep-git-source-cb-kubecd-environment-pr-158-34-lqjmx-9xxnc[0m
{"level":"warn","ts":1581769830.0946145,"logger":"fallback-logger","caller":"logging/config.go:69","msg":"Fetch GitHub commit ID from kodata failed: \"ref: refs/heads/0.8.0-**-support-backwards-incompats\" is not a valid GitHub commit ID"}
{"level":"info","ts":1581769831.3469832,"logger":"fallback-logger","caller":"git/git.go:103","msg":"Successfully cloned https://github.com/cb-kubecd/environment-pr-158-34-boot-gke-staging.git @ master in path /workspace/source"}

Showing logs for build [32mcb-kubecd-environment-pr-158-34-lqjmx-1[0m stage [32mfrom-build-pack[0m and container [32mstep-git-merge[0m
Using SHAs from PULL_REFS=master:40363e5c4c8a0e24981d6b7a14dfeb4efe236623,1:0c351848f408a357650c0bab1feebc493bb15a17
DEBUG: LC_ALL=C JX_LOG_LEVEL=error git fetch origin --unshallow 0c351848f408a357650c0bab1feebc493bb15a17: 40363e5c4c8a0e24981d6b7a14dfeb4efe236623:
DEBUG: ran git fetch --unshallow origin 0c351848f408a357650c0bab1feebc493bb15a17: 40363e5c4c8a0e24981d6b7a14dfeb4efe236623: in 
DEBUG: LC_ALL=C JX_LOG_LEVEL=error git branch
DEBUG: JX_LOG_LEVEL=error LC_ALL=C git checkout master
DEBUG: ran git checkout master in 
DEBUG: LC_ALL=C JX_LOG_LEVEL=error git reset --hard 40363e5c4c8a0e24981d6b7a14dfeb4efe236623
DEBUG: ran git reset --hard 40363e5c4c8a0e24981d6b7a14dfeb4efe236623 in 
DEBUG: LC_ALL=C JX_LOG_LEVEL=error git clean -fd .
DEBUG: ran clean --force -d . in 
DEBUG: LC_ALL=C JX_LOG_LEVEL=error git merge 0c351848f408a357650c0bab1feebc493bb15a17
DEBUG: ran git merge 0c351848f408a357650c0bab1feebc493bb15a17 in 
DEBUG: JX_LOG_LEVEL=error LC_ALL=C git log --format=%H%x1f%an%x1f%ae%x1f%cn%x1f%ce%x1f%s%n%b%x1e 40363e5c4c8a0e24981d6b7a14dfeb4efe236623..HEAD
Merged SHA 0c351848f408a357650c0bab1feebc493bb15a17 with commit message 'chore: Promote bdd-spring-1581769505 to version 0.0.1' into base branch master

Showing logs for build [32mcb-kubecd-environment-pr-158-34-lqjmx-1[0m stage [32mfrom-build-pack[0m and container [32mstep-build-helm-build[0m
WARNING: No $CHART_REPOSITORY defined so using the default value of: http://jenkins-x-chartmuseum:8080
Adding missing Helm repo: storage.googleapis.com https://storage.googleapis.com/chartmuseum.jenkins-x.io
WARNING: No secrets found on "helm/repos" due: reading the secret "helm/repos" from vault: no secret "helm/repos" not found in vault
Read credentials for https://storage.googleapis.com/chartmuseum.jenkins-x.io from vault helm/repos
Successfully added Helm repository storage.googleapis.com.
Adding missing Helm repo: jenkins-x-chartmuseum http://jenkins-x-chartmuseum:8080
WARNING: No secrets found on "helm/repos" due: reading the secret "helm/repos" from vault: no secret "helm/repos" not found in vault
Read credentials for http://jenkins-x-chartmuseum:8080 from vault helm/repos
Successfully added Helm repository jenkins-x-chartmuseum.
WARNING: No $CHART_REPOSITORY defined so using the default value of: http://jenkins-x-chartmuseum:8080
Adding missing Helm repo: chartmuseum.jenkins-x.io http://chartmuseum.jenkins-x.io
WARNING: No secrets found on "helm/repos" due: reading the secret "helm/repos" from vault: no secret "helm/repos" not found in vault
Read credentials for http://chartmuseum.jenkins-x.io from vault helm/repos
Successfully added Helm repository chartmuseum.jenkins-x.io.
